<?xml version="1.0" encoding="UTF-8"?>
<!-- Generated by org.testng.reporters.JUnitReportReporter -->
<testsuite skipped="0" hostname="4S0L3M2" name="com.beecow.scripts.CreateProductBeeCowScripts" tests="1" failures="0" timestamp="19 Sep 2019 16:19:07 GMT" time="28.312" errors="0">
  <testcase name="TC33_createProductSuccessWithSKU" time="28.312" classname="com.beecow.scripts.CreateProductBeeCowScripts"/>
</testsuite> <!-- com.beecow.scripts.CreateProductBeeCowScripts -->
