<?xml version="1.0" encoding="UTF-8"?>
<!-- Generated by org.testng.reporters.JUnitReportReporter -->
<testsuite skipped="0" hostname="4S0L3M2" name="com.beecow.scripts.LoginBeeCowScripts" tests="7" failures="0" timestamp="12 Sep 2019 12:12:00 GMT" time="24.199" errors="0">
  <testcase name="TC01_allFieldsEmpty" time="4.027" classname="com.beecow.scripts.LoginBeeCowScripts"/>
  <testcase name="TC04_passwordIsEmpty" time="2.724" classname="com.beecow.scripts.LoginBeeCowScripts"/>
  <testcase name="TC05_invalidPassword" time="3.392" classname="com.beecow.scripts.LoginBeeCowScripts"/>
  <testcase name="TC06_loginWithInvalidAccount" time="3.194" classname="com.beecow.scripts.LoginBeeCowScripts"/>
  <testcase name="TC07_loginSuccessfully" time="6.291" classname="com.beecow.scripts.LoginBeeCowScripts"/>
  <testcase name="TC02_usernameWithNumeric" time="2.621" classname="com.beecow.scripts.LoginBeeCowScripts"/>
  <testcase name="TC03_invalidEmail" time="1.950" classname="com.beecow.scripts.LoginBeeCowScripts"/>
</testsuite> <!-- com.beecow.scripts.LoginBeeCowScripts -->
